47.85 47.85 
43.22 45.52 
40.62 36.4 
32.4 35.73 
30.11 25.14 
21.33 20.32 
22.77 19.4 
25.54 18.74 
18.19 16.22 
19.06 15.1 
20.34 14.38 
18.76 12.52 
18.22 11.79 
17.74 11.69 
17.29 11.4 
19.94 11.02 
18.04 10.55 
14.84 10.2 
18.59 9.7 
19.61 9.35 
16.86 9.0 
15.25 8.99 
17.06 9.0 
19.7 8.74 
14.26 8.54 
15.05 8.21 
12.46 7.97 
16.15 7.95 
13.09 7.88 
12.1 7.88 
13.34 7.66 
13.87 7.59 
14.17 7.37 
15.23 7.22 
14.83 6.96 
14.6 6.92 
12.79 6.92 
14.11 6.85 
14.03 6.67 
13.4 6.58 
13.61 6.6 
12.12 6.38 
13.7 6.35 
11.47 6.25 
14.43 6.33 
11.3 6.23 
11.97 6.14 
12.21 6.1 
11.65 6.02 
12.58 5.88 
10.62 5.9 
12.12 5.88 
10.92 5.89 
11.78 5.89 
17.06 5.97 
10.09 6.08 
10.17 6.02 
13.24 6.02 
10.65 5.94 
9.45 5.69 
11.35 5.59 
10.64 5.63 
9.09 5.54 
8.92 5.49 
9.16 5.27 
9.01 5.29 
9.13 5.23 
10.34 5.25 
9.77 5.19 
7.63 5.13 
10.81 5.12 
9.15 5.24 
8.19 5.02 
7.68 5.02 
7.94 5.0 
8.0 5.05 
7.78 4.94 
7.02 4.87 
7.92 4.96 
7.51 4.96 
6.36 4.86 
6.47 4.89 
6.05 4.99 
5.78 5.12 
5.62 4.93 
5.43 5.01 
5.34 5.07 
5.21 5.14 
5.13 5.03 
4.98 4.97 
4.96 4.99 
4.87 4.92 
4.83 4.92 
4.84 4.92 
4.8 4.89 
4.81 4.81 
4.86 4.81 
4.79 4.77 
4.8 4.79 
4.75 4.76 
