50.38 50.38 
43.45 45.35 
36.99 39.61 
32.09 32.52 
23.57 24.13 
32.0 21.8 
26.89 19.41 
25.13 18.09 
26.84 17.61 
20.96 16.08 
28.23 15.22 
20.44 14.23 
21.74 13.76 
21.45 13.49 
22.86 13.25 
20.56 12.98 
22.99 12.79 
19.36 12.61 
17.65 12.32 
23.5 12.02 
23.09 11.92 
17.93 11.79 
19.5 11.72 
18.34 11.41 
31.77 11.42 
20.64 11.43 
21.36 11.37 
21.49 11.4 
16.49 11.33 
18.65 10.98 
26.25 10.73 
21.22 10.37 
22.35 10.04 
18.03 9.85 
19.32 9.91 
15.96 9.83 
17.21 9.61 
16.15 9.6 
15.23 9.62 
15.27 9.42 
14.98 9.29 
16.1 9.05 
16.1 9.08 
15.52 8.97 
14.59 8.89 
15.53 8.79 
14.24 8.77 
14.31 8.61 
16.8 8.57 
15.41 8.46 
16.17 8.33 
13.84 8.34 
15.49 8.23 
13.75 8.15 
14.44 7.98 
12.89 7.82 
12.64 7.61 
15.31 7.56 
13.06 7.5 
11.18 7.42 
12.68 7.35 
12.93 7.31 
13.06 7.24 
11.82 7.29 
10.99 7.38 
10.64 7.33 
11.65 7.34 
11.2 7.24 
10.09 7.13 
9.69 7.01 
10.25 7.0 
8.96 6.81 
11.17 6.78 
8.99 6.69 
8.77 6.5 
8.41 6.44 
8.75 6.45 
9.09 6.54 
8.36 6.49 
8.23 6.41 
7.34 6.43 
7.42 6.39 
6.99 6.37 
7.15 6.41 
6.92 6.4 
6.78 6.29 
6.51 6.34 
6.37 6.27 
6.33 6.24 
6.27 6.26 
6.4 6.29 
6.43 6.27 
6.3 6.32 
6.3 6.28 
6.32 6.29 
6.28 6.29 
6.41 6.29 
6.2 6.27 
6.29 6.27 
6.24 6.24 
