51.58 51.58 
40.2 37.95 
32.56 31.73 
25.88 25.75 
31.96 25.23 
23.7 21.38 
23.25 18.21 
28.53 16.85 
26.23 16.3 
24.65 15.38 
25.07 14.69 
24.77 13.45 
19.17 13.22 
20.13 13.05 
20.05 12.92 
22.76 12.77 
23.41 12.59 
21.0 12.34 
18.94 12.18 
19.59 11.94 
21.71 11.97 
19.3 11.78 
18.37 11.74 
23.23 11.66 
17.78 11.6 
24.37 11.55 
18.77 11.34 
19.15 11.34 
19.43 11.3 
16.73 10.91 
17.2 10.71 
19.47 10.57 
16.09 10.57 
16.78 10.29 
17.74 10.09 
19.99 10.03 
15.84 9.94 
19.35 9.82 
17.1 9.62 
16.47 9.59 
14.74 9.51 
13.44 9.27 
15.31 9.08 
13.9 8.87 
16.28 8.72 
13.14 8.58 
16.35 8.59 
13.45 8.61 
12.99 8.63 
13.46 8.46 
14.82 8.45 
14.73 8.35 
16.91 8.29 
14.02 8.27 
12.06 8.2 
13.81 8.03 
11.51 7.73 
11.35 7.64 
11.58 7.53 
14.51 7.39 
13.86 7.4 
10.67 7.56 
11.51 7.59 
10.86 7.52 
12.37 7.44 
11.38 7.33 
10.06 7.25 
9.59 7.04 
11.23 7.05 
11.8 7.01 
9.36 6.9 
10.25 6.95 
9.5 6.81 
9.06 6.77 
8.92 6.69 
9.06 6.73 
9.34 6.74 
8.62 6.7 
8.14 6.6 
7.58 6.55 
7.65 6.43 
7.19 6.46 
7.42 6.47 
6.94 6.37 
7.01 6.43 
6.65 6.39 
6.83 6.31 
6.56 6.35 
6.28 6.42 
6.57 6.46 
6.25 6.4 
6.44 6.43 
6.4 6.38 
6.12 6.37 
6.34 6.32 
6.41 6.28 
6.37 6.27 
6.4 6.3 
6.36 6.3 
6.42 6.3 
